<?xml version="1.0"?>
<profile name="sendfilev">
  <group nthreads="$nthr">
        <transaction iterations="1">
            <flowop type="accept" options="remotehost=$h protocol=$proto
	    wndsz=50k  tcp_nodelay"/>
        </transaction>
        <transaction duration="30s">
            <flowop type="sendfilev" options="dir=.
	    nfiles=10 size=512"/>
        </transaction>
        <transaction iterations="1">
            <flowop type="disconnect" />
        </transaction>
  </group>

</profile>
